
-----
Test: tests/test_api.py::Test_api::test_requests[L!4z!4wb895Jc5a79YS7-rQqcQz] (call)
Time: 2023-11-17 07:30:37.733747
Request method: POST
Request URL: http://localhost:5001/register

Response code: 200
Response text: {"id":747,"username":"rQqcQz","full_name":null}
Response headers: {'date': 'Fri, 17 Nov 2023 04:30:37 GMT', 'server': 'uvicorn', 'content-length': '47', 'content-type': 'application/json'}
Response cookies: {}

-----

-----
Test: tests/test_api.py::Test_api::test_requests[L!4z!4wb895Jc5a79YS7-rQqcQz] (call)
Time: 2023-11-17 07:30:38.057829
Request method: POST
Request URL: http://localhost:5001/login

Response code: 200
Response text: {"message":"You've successfully logged in. Welcome back!"}
Response headers: {'date': 'Fri, 17 Nov 2023 04:30:37 GMT', 'server': 'uvicorn', 'content-length': '58', 'content-type': 'application/json', 'set-cookie': 'Authorization="Bearer eyJhbGciOiJIUzI1NiIsInR5cCI6IkpXVCJ9.eyJzdWIiOiJyUXFjUXoiLCJleHAiOjE3MDAxOTcyMzh9.2695BGyJLfdMAj6_5xyalVyWov3x4ehV_1V9fhMz4Yg"; expires=Fri, 17 Nov 2023 05:00:38 GMT; HttpOnly; Max-Age=1800; Path=/; SameSite=lax'}
Response cookies: {'Authorization': '"Bearer eyJhbGciOiJIUzI1NiIsInR5cCI6IkpXVCJ9.eyJzdWIiOiJyUXFjUXoiLCJleHAiOjE3MDAxOTcyMzh9.2695BGyJLfdMAj6_5xyalVyWov3x4ehV_1V9fhMz4Yg"'}

-----

-----
Test: tests/test_api.py::Test_api::test_requests[L!4z!4wb895Jc5a79YS7-rQqcQz] (call)
Time: 2023-11-17 07:30:38.295086
Request method: GET
Request URL: http://localhost:5001/users/whoami

Response code: 200
Response text: {"id":747,"username":"rQqcQz","full_name":null}
Response headers: {'date': 'Fri, 17 Nov 2023 04:30:37 GMT', 'server': 'uvicorn', 'content-length': '47', 'content-type': 'application/json'}
Response cookies: {}

-----

-----
Test: tests/test_api.py::Test_api::test_requests[L!4z!4wb895Jc5a79YS7-rQqcQz] (call)
Time: 2023-11-17 07:30:38.302532
Request method: POST
Request URL: http://localhost:5001/logout

Response code: 200
Response text: {"message":"logged out"}
Response headers: {'date': 'Fri, 17 Nov 2023 04:30:37 GMT', 'server': 'uvicorn', 'content-length': '24', 'content-type': 'application/json', 'set-cookie': 'Authorization=""; expires=Fri, 17 Nov 2023 05:00:38 GMT; HttpOnly; Max-Age=1800; Path=/; SameSite=lax'}
Response cookies: {'Authorization': '""'}

-----

-----
Test: tests/test_api.py::Test_api::test_requests[L!4z!4wb895Jc5a79YS7-rQqcQz] (call)
Time: 2023-11-17 07:30:38.306737
Request method: POST
Request URL: http://localhost:5001/login

Response code: 200
Response text: {"message":"You've successfully logged in. Welcome back!"}
Response headers: {'date': 'Fri, 17 Nov 2023 04:30:37 GMT', 'server': 'uvicorn', 'content-length': '58', 'content-type': 'application/json', 'set-cookie': 'Authorization="Bearer eyJhbGciOiJIUzI1NiIsInR5cCI6IkpXVCJ9.eyJzdWIiOiJyUXFjUXoiLCJleHAiOjE3MDAxOTcyMzh9.2695BGyJLfdMAj6_5xyalVyWov3x4ehV_1V9fhMz4Yg"; expires=Fri, 17 Nov 2023 05:00:38 GMT; HttpOnly; Max-Age=1800; Path=/; SameSite=lax'}
Response cookies: {'Authorization': '"Bearer eyJhbGciOiJIUzI1NiIsInR5cCI6IkpXVCJ9.eyJzdWIiOiJyUXFjUXoiLCJleHAiOjE3MDAxOTcyMzh9.2695BGyJLfdMAj6_5xyalVyWov3x4ehV_1V9fhMz4Yg"'}

-----

-----
Test: tests/test_api.py::Test_api::test_requests[L!4z!4wb895Jc5a79YS7-rQqcQz] (call)
Time: 2023-11-17 07:30:38.540588
Request method: DELETE
Request URL: http://localhost:5001/user/747

Response code: 200
Response text: {"message":"Deleted user 747"}
Response headers: {'date': 'Fri, 17 Nov 2023 04:30:37 GMT', 'server': 'uvicorn', 'content-length': '30', 'content-type': 'application/json'}
Response cookies: {}

-----

-----
Test: tests/test_api.py::Test_api::test_requests[L!4z!4wb895Jc5a79YS7-rQqcQz] (call)
Time: 2023-11-17 07:30:38.547502
Request method: POST
Request URL: http://localhost:5001/login

Response code: 401
Response text: {"detail":"Incorrect username or password"}
Response headers: {'date': 'Fri, 17 Nov 2023 04:30:37 GMT', 'server': 'uvicorn', 'content-length': '43', 'content-type': 'application/json'}
Response cookies: {}

-----

-----
Test: tests/test_api.py::Test_api::test_requests[L!4z!4wb895Jc5a79YS7-rQqcQz] (call)
Time: 2023-11-17 07:30:38.551785
Request method: GET
Request URL: http://localhost:5001/users/whoami

Response code: 401
Response text: {"detail":"Could not validate credentials"}
Response headers: {'date': 'Fri, 17 Nov 2023 04:30:37 GMT', 'server': 'uvicorn', 'www-authenticate': 'Bearer', 'content-length': '43', 'content-type': 'application/json'}
Response cookies: {}

-----
